# JRE version: Java(TM) SE Runtime Environment (12.0.1+12) (build 12.0.1+12)
# Java VM: Java HotSpot(TM) 64-Bit Server VM (12.0.1+12, mixed mode, sharing, tiered, compressed oops, g1 gc, windows-amd64)
Heap:
 garbage-first heap   total 78848K, used 41632K [0x0000000703800000, 0x0000000800000000)
  region size 1024K, 24 young (24576K), 3 survivors (3072K)
 Metaspace       used 52170K, capacity 53370K, committed 53632K, reserved 1095680K
  class space    used 6827K, capacity 7279K, committed 7296K, reserved 1048576K
GC Heap History (10 events):
Event: 6.830 GC heap before
{Heap before GC invocations=16 (full 0):
 garbage-first heap   total 65536K, used 41138K [0x0000000703800000, 0x0000000800000000)
  region size 1024K, 25 young (25600K), 2 survivors (2048K)
 Metaspace       used 40012K, capacity 40975K, committed 41088K, reserved 1085440K
  class space    used 5325K, capacity 5677K, committed 5760K, reserved 1048576K
}
Event: 6.836 GC heap after
{Heap after GC invocations=17 (full 0):
 garbage-first heap   total 65536K, used 19242K [0x0000000703800000, 0x0000000800000000)
  region size 1024K, 4 young (4096K), 4 survivors (4096K)
 Metaspace       used 40012K, capacity 40975K, committed 41088K, reserved 1085440K
  class space    used 5325K, capacity 5677K, committed 5760K, reserved 1048576K
}
Event: 7.223 GC heap before
{Heap before GC invocations=17 (full 0):
 garbage-first heap   total 65536K, used 42794K [0x0000000703800000, 0x0000000800000000)
  region size 1024K, 27 young (27648K), 4 survivors (4096K)
 Metaspace       used 42057K, capacity 43135K, committed 43392K, reserved 1087488K
  class space    used 5600K, capacity 5995K, committed 6016K, reserved 1048576K
}
Event: 7.230 GC heap after
{Heap after GC invocations=18 (full 0):
 garbage-first heap   total 78848K, used 19935K [0x0000000703800000, 0x0000000800000000)
  region size 1024K, 3 young (3072K), 3 survivors (3072K)
 Metaspace       used 42057K, capacity 43135K, committed 43392K, reserved 1087488K
  class space    used 5600K, capacity 5995K, committed 6016K, reserved 1048576K
}
Event: 7.660 GC heap before
{Heap before GC invocations=18 (full 0):
 garbage-first heap   total 78848K, used 49631K [0x0000000703800000, 0x0000000800000000)
  region size 1024K, 32 young (32768K), 3 survivors (3072K)
 Metaspace       used 43545K, capacity 44695K, committed 44928K, reserved 1087488K
  class space    used 5824K, capacity 6255K, committed 6272K, reserved 1048576K
}
Event: 7.666 GC heap after
{Heap after GC invocations=19 (full 0):
 garbage-first heap   total 78848K, used 20646K [0x0000000703800000, 0x0000000800000000)
  region size 1024K, 2 young (2048K), 2 survivors (2048K)
 Metaspace       used 43545K, capacity 44695K, committed 44928K, reserved 1087488K
  class space    used 5824K, capacity 6255K, committed 6272K, reserved 1048576K
}
Event: 7.995 GC heap before
{Heap before GC invocations=19 (full 0):
 garbage-first heap   total 78848K, used 52390K [0x0000000703800000, 0x0000000800000000)
  region size 1024K, 33 young (33792K), 2 survivors (2048K)
 Metaspace       used 45655K, capacity 46799K, committed 46976K, reserved 1089536K
  class space    used 6055K, capacity 6483K, committed 6528K, reserved 1048576K
}
Event: 7.999 GC heap after
{Heap after GC invocations=20 (full 0):
 garbage-first heap   total 78848K, used 20965K [0x0000000703800000, 0x0000000800000000)
  region size 1024K, 3 young (3072K), 3 survivors (3072K)
 Metaspace       used 45655K, capacity 46799K, committed 46976K, reserved 1089536K
  class space    used 6055K, capacity 6483K, committed 6528K, reserved 1048576K
}
Event: 13.834 GC heap before
{Heap before GC invocations=20 (full 0):
 garbage-first heap   total 78848K, used 53733K [0x0000000703800000, 0x0000000800000000)
  region size 1024K, 35 young (35840K), 3 survivors (3072K)
 Metaspace       used 47949K, capacity 49071K, committed 49280K, reserved 1091584K
  class space    used 6346K, capacity 6771K, committed 6784K, reserved 1048576K
}
Event: 13.838 GC heap after
{Heap after GC invocations=21 (full 0):
 garbage-first heap   total 78848K, used 21152K [0x0000000703800000, 0x0000000800000000)
  region size 1024K, 3 young (3072K), 3 survivors (3072K)
 Metaspace       used 47949K, capacity 49071K, committed 49280K, reserved 1091584K
  class space    used 6346K, capacity 6771K, committed 6784K, reserved 1048576K
}

